<?xml version="1.0" encoding="UTF-8"?>
<!-- Generated by org.testng.reporters.JUnitReportReporter -->
<testsuite hostname="DESKTOP-P7FBO29" failures="0" tests="1" name="AutomationSessions.com.Handling_Windows" time="5.566" errors="0" timestamp="2024-04-23T08:07:44 IST" skipped="0">
  <testcase classname="AutomationSessions.com.Handling_Windows" name="windowHandling" time="5.566"/>
</testsuite> <!-- AutomationSessions.com.Handling_Windows -->
