<?xml version="1.0" encoding="UTF-8"?>
<!-- Generated by org.testng.reporters.JUnitReportReporter -->
<testsuite hostname="DESKTOP-P7FBO29" failures="0" tests="4" name="OrangeHRM_Project.RecruitmentModule" time="0.028" errors="0" timestamp="2024-04-26T14:23:39 IST" skipped="0">
  <testcase classname="OrangeHRM_Project.RecruitmentModule" name="RecruitmentTest2" time="0.002"/>
  <testcase classname="OrangeHRM_Project.RecruitmentModule" name="RecruitmentTest1" time="0.021"/>
  <testcase classname="OrangeHRM_Project.RecruitmentModule" name="RecruitmentTest3" time="0.002"/>
  <testcase classname="OrangeHRM_Project.RecruitmentModule" name="RecruitmentTest4" time="0.003"/>
</testsuite> <!-- OrangeHRM_Project.RecruitmentModule -->
