<?xml version="1.0" encoding="UTF-8"?>
<!-- Generated by org.testng.reporters.JUnitReportReporter -->
<testsuite hostname="DESKTOP-P7FBO29" failures="0" tests="1" name="Practise.Locators_practise1" time="6.133" errors="0" timestamp="2024-04-30T18:24:55 IST" skipped="0">
  <testcase classname="Practise.Locators_practise1" name="Test1" time="6.133"/>
</testsuite> <!-- Practise.Locators_practise1 -->
