<?xml version="1.0" encoding="UTF-8"?>
<!-- Generated by org.testng.reporters.JUnitReportReporter -->
<testsuite hostname="DESKTOP-P7FBO29" failures="0" tests="1" name="OrangeHRM_Project.admin_test" time="15.974" errors="0" timestamp="2024-04-24T18:44:02 IST" skipped="0">
  <testcase classname="OrangeHRM_Project.admin_test" name="adminTest1" time="15.974"/>
</testsuite> <!-- OrangeHRM_Project.admin_test -->
