<?xml version="1.0" encoding="UTF-8"?>
<!-- Generated by org.testng.reporters.JUnitReportReporter -->
<testsuite hostname="DESKTOP-P7FBO29" failures="0" tests="4" name="OrangeHRM_Project.OrganizationModule" time="0.008" errors="0" timestamp="2024-04-26T14:23:39 IST" skipped="0">
  <testcase classname="OrangeHRM_Project.OrganizationModule" name="OrganizationTest2" time="0.002"/>
  <testcase classname="OrangeHRM_Project.OrganizationModule" name="OrganizationTest1" time="0.003"/>
  <testcase classname="OrangeHRM_Project.OrganizationModule" name="OrganizationTest3" time="0.001"/>
  <testcase classname="OrangeHRM_Project.OrganizationModule" name="OrganizationTest4" time="0.002"/>
</testsuite> <!-- OrangeHRM_Project.OrganizationModule -->
