<?xml version="1.0" encoding="UTF-8"?>
<!-- Generated by org.testng.reporters.JUnitReportReporter -->
<testsuite hostname="DESKTOP-P7FBO29" failures="0" tests="2" name="OrangeHRM_Project.LeaveModule" time="0.001" errors="0" timestamp="2024-04-26T14:53:14 IST" skipped="1">
  <testcase classname="OrangeHRM_Project.LeaveModule" name="LeaveTest4" time="0.001"/>
  <testcase classname="OrangeHRM_Project.LeaveModule" name="LeaveTest3" time="0.000">
    <skipped/>
  </testcase> <!-- LeaveTest3 -->
</testsuite> <!-- OrangeHRM_Project.LeaveModule -->
