<?xml version="1.0" encoding="UTF-8"?>
<!-- Generated by org.testng.reporters.JUnitReportReporter -->
<testsuite hostname="DESKTOP-P7FBO29" failures="0" tests="1" name="AutomationSessions.com.Frames_test" time="7.722" errors="0" timestamp="2024-05-03T08:23:27 IST" skipped="0">
  <testcase classname="AutomationSessions.com.Frames_test" name="nestedFramesTest" time="7.722"/>
</testsuite> <!-- AutomationSessions.com.Frames_test -->
