<?xml version="1.0" encoding="UTF-8"?>
<!-- Generated by org.testng.reporters.JUnitReportReporter -->
<testsuite hostname="DESKTOP-P7FBO29" failures="0" tests="1" name="AutomationSessions.com.Handling_Alert_Popups" time="52.145" errors="0" timestamp="2024-04-22T17:37:55 IST" skipped="0">
  <testcase classname="AutomationSessions.com.Handling_Alert_Popups" name="AlertTest2" time="52.145"/>
</testsuite> <!-- AutomationSessions.com.Handling_Alert_Popups -->
