<?xml version="1.0" encoding="UTF-8"?>
<!-- Generated by org.testng.reporters.JUnitReportReporter -->
<testsuite hostname="DESKTOP-P7FBO29" failures="0" tests="1" name="AutomationSessions.com.Handling_Frames" time="9.044" errors="0" timestamp="2024-04-25T10:55:03 IST" skipped="0">
  <testcase classname="AutomationSessions.com.Handling_Frames" name="handlingFrame" time="9.044"/>
</testsuite> <!-- AutomationSessions.com.Handling_Frames -->
