<?xml version="1.0" encoding="UTF-8"?>
<!-- Generated by org.testng.reporters.JUnitReportReporter -->
<testsuite hostname="DESKTOP-P7FBO29" failures="0" tests="1" name="AutomationSessions.com.alerts_test" time="12.507" errors="0" timestamp="2024-05-02T23:15:58 IST" skipped="0">
  <testcase classname="AutomationSessions.com.alerts_test" name="alertsTest" time="12.507"/>
</testsuite> <!-- AutomationSessions.com.alerts_test -->
