<?xml version="1.0" encoding="UTF-8"?>
<!-- Generated by org.testng.reporters.JUnitReportReporter -->
<testsuite hostname="DESKTOP-P7FBO29" failures="0" tests="4" name="TestNG_demo.TestNG2_Priority" time="17.329" errors="0" timestamp="2024-04-17T07:38:04 IST" skipped="0">
  <testcase classname="TestNG_demo.TestNG2_Priority" name="Getcurrenturl" time="3.347"/>
  <testcase classname="TestNG_demo.TestNG2_Priority" name="Title" time="3.731"/>
  <testcase classname="TestNG_demo.TestNG2_Priority" name="Login" time="6.666"/>
  <testcase classname="TestNG_demo.TestNG2_Priority" name="CloseApp" time="3.585"/>
</testsuite> <!-- TestNG_demo.TestNG2_Priority -->
