<?xml version="1.0" encoding="UTF-8"?>
<!-- Generated by org.testng.reporters.JUnitReportReporter -->
<testsuite hostname="DESKTOP-P7FBO29" failures="0" tests="5" name="Test.Login_test" time="56.860" errors="0" timestamp="2024-03-28T20:17:31 IST" skipped="0">
  <testcase classname="Test.Login_test" name="LoginTest1" time="11.820"/>
  <testcase classname="Test.Login_test" name="LoginTest2" time="10.765"/>
  <testcase classname="Test.Login_test" name="LoginTest3" time="11.476"/>
  <testcase classname="Test.Login_test" name="LoginTest4" time="12.612"/>
  <testcase classname="Test.Login_test" name="LoginTest5" time="10.187"/>
</testsuite> <!-- Test.Login_test -->
