<?xml version="1.0" encoding="UTF-8"?>
<!-- Generated by org.testng.reporters.JUnitReportReporter -->
<testsuite hostname="DESKTOP-P7FBO29" failures="0" tests="1" name="Handling_Elements.Handling_Dropdown" time="23.493" errors="0" timestamp="2024-04-17T08:25:25 IST" skipped="0">
  <testcase classname="Handling_Elements.Handling_Dropdown" name="dropdownSelect" time="23.493"/>
</testsuite> <!-- Handling_Elements.Handling_Dropdown -->
