<?xml version="1.0" encoding="UTF-8"?>
<!-- Generated by org.testng.reporters.JUnitReportReporter -->
<testsuite hostname="DESKTOP-P7FBO29" failures="0" tests="1" name="OrangeHRM_Project.BaseClass" time="12.807" errors="0" timestamp="2024-04-24T14:09:12 IST" skipped="0">
  <testcase classname="OrangeHRM_Project.BaseClass" name="BrowserURLLaunch" time="12.807"/>
</testsuite> <!-- OrangeHRM_Project.BaseClass -->
