<?xml version="1.0" encoding="UTF-8"?>
<!-- Generated by org.testng.reporters.JUnitReportReporter -->
<testsuite hostname="DESKTOP-P7FBO29" failures="0" tests="1" name="OrangeHRM_Project.Module1" time="0.002" errors="0" timestamp="2024-04-24T14:06:30 IST" skipped="0">
  <testcase classname="OrangeHRM_Project.Module1" name="Test1" time="0.002"/>
</testsuite> <!-- OrangeHRM_Project.Module1 -->
