<?xml version="1.0" encoding="UTF-8"?>
<!-- Generated by org.testng.reporters.JUnitReportReporter -->
<testsuite hostname="DESKTOP-P7FBO29" failures="0" tests="1" name="AutomationSessions.com.NestedFramesDemo" time="10.344" errors="0" timestamp="2024-04-25T13:39:19 IST" skipped="0">
  <testcase classname="AutomationSessions.com.NestedFramesDemo" name="titleOfThePage" time="10.344"/>
</testsuite> <!-- AutomationSessions.com.NestedFramesDemo -->
