<?xml version="1.0" encoding="UTF-8"?>
<!-- Generated by org.testng.reporters.JUnitReportReporter -->
<testsuite hostname="DESKTOP-P7FBO29" failures="0" tests="1" name="Practise.selenium_basics" time="8.868" errors="0" timestamp="2024-04-30T22:00:52 IST" skipped="0">
  <testcase classname="Practise.selenium_basics" name="test1" time="8.868"/>
</testsuite> <!-- Practise.selenium_basics -->
